TN:
SF:/Users/ragona/src/quorum/src/encrypt.rs
FNF:0
DA:13,2
DA:14,2
DA:15,4
DA:16,4
DA:18,2
DA:19,0
DA:21,2
DA:24,2
DA:27,2
DA:31,4
DA:32,2
DA:34,0
DA:37,2
DA:40,2
DA:41,4
DA:42,1
DA:44,2
DA:45,2
DA:47,0
DA:50,3
DA:51,2
DA:52,2
DA:54,1
DA:55,0
DA:57,2
DA:60,1
LF:26
LH:22
end_of_record
TN:
SF:/Users/ragona/src/quorum/src/main.rs
FNF:0
DA:86,10
DA:87,10
DA:89,10
DA:90,6
DA:91,2
DA:92,2
LF:6
LH:6
end_of_record
TN:
SF:/Users/ragona/src/quorum/src/quorum.rs
FNF:0
DA:12,4
DA:13,4
DA:14,0
DA:17,4
DA:18,0
DA:21,4
DA:22,4
DA:24,4
DA:25,4
DA:27,4
DA:28,4
DA:29,4
DA:30,20
DA:33,16
DA:34,12
DA:35,12
DA:38,12
DA:42,12
DA:44,24
DA:46,12
DA:47,12
DA:50,0
DA:55,4
DA:56,4
DA:59,4
DA:61,8
DA:62,4
DA:64,0
DA:67,4
DA:70,2
DA:71,2
DA:72,0
DA:75,2
DA:76,0
DA:79,2
DA:80,0
DA:83,2
DA:84,2
DA:86,2
DA:87,2
DA:88,2
DA:89,2
DA:90,2
DA:91,4
DA:92,4
DA:93,2
DA:95,9
DA:96,8
DA:97,8
DA:99,4
DA:100,4
DA:102,4
DA:103,1
DA:106,3
DA:108,6
DA:109,6
DA:111,3
DA:114,2
DA:115,1
DA:116,2
DA:118,2
DA:120,1
LF:62
LH:55
end_of_record
